[INFO ] 2020-03-17T22:51:26,460Z [main] webserver.CmdLineOptions.loadConfig - Config:
{
    # hardcoded value
    "baseDirectory" : "C:\\Users\\amrithak\\Desktop\\r3corda_police_passport-apps-abhishek\\build\\nodes\\DCRB",
    # web-reference.conf @ jar:file:/C:/Users/amrithak/AppData/Local/capsule/apps/net.corda.webserver.WebServer_3.1-corda/corda-webserver-impl-3.1-corda.jar!/web-reference.conf: 2
    "keyStorePassword" : "cordacadevpass",
    # C:\Users\amrithak\Desktop\r3corda_police_passport-apps-abhishek\build\nodes\DCRB\node.conf: 1
    "myLegalName" : "O=DCRB,L=Kerala,C=IN",
    # C:\Users\amrithak\Desktop\r3corda_police_passport-apps-abhishek\build\nodes\DCRB\node.conf: 2
    "p2pAddress" : "localhost:10007",
    # C:\Users\amrithak\Desktop\r3corda_police_passport-apps-abhishek\build\nodes\DCRB\node.conf: 3
    "rpcSettings" : {
        # C:\Users\amrithak\Desktop\r3corda_police_passport-apps-abhishek\build\nodes\DCRB\node.conf: 4
        "address" : "localhost:10008",
        # C:\Users\amrithak\Desktop\r3corda_police_passport-apps-abhishek\build\nodes\DCRB\node.conf: 5
        "adminAddress" : "localhost:10009"
    },
    # C:\Users\amrithak\Desktop\r3corda_police_passport-apps-abhishek\build\nodes\DCRB\node.conf: 7
    "rpcUsers" : [
        # C:\Users\amrithak\Desktop\r3corda_police_passport-apps-abhishek\build\nodes\DCRB\node.conf: 8
        {
            # C:\Users\amrithak\Desktop\r3corda_police_passport-apps-abhishek\build\nodes\DCRB\node.conf: 9
            "password" : "test",
            # C:\Users\amrithak\Desktop\r3corda_police_passport-apps-abhishek\build\nodes\DCRB\node.conf: 10
            "permissions" : [
                # C:\Users\amrithak\Desktop\r3corda_police_passport-apps-abhishek\build\nodes\DCRB\node.conf: 11
                "ALL"
            ],
            # C:\Users\amrithak\Desktop\r3corda_police_passport-apps-abhishek\build\nodes\DCRB\node.conf: 13
            "user" : "user1"
        }
    ],
    # web-reference.conf @ jar:file:/C:/Users/amrithak/AppData/Local/capsule/apps/net.corda.webserver.WebServer_3.1-corda/corda-webserver-impl-3.1-corda.jar!/web-reference.conf: 3
    "trustStorePassword" : "trustpass",
    # web-reference.conf @ jar:file:/C:/Users/amrithak/AppData/Local/capsule/apps/net.corda.webserver.WebServer_3.1-corda/corda-webserver-impl-3.1-corda.jar!/web-reference.conf: 1
    "useHTTPS" : false,
    # C:\Users\amrithak\Desktop\r3corda_police_passport-apps-abhishek\build\nodes\DCRB\node.conf: 16
    "webAddress" : "localhost:10010"
}
 {}
[INFO ] 2020-03-17T22:51:26,534Z [main] Main.main - Main class: /C:/Users/amrithak/AppData/Local/capsule/apps/net.corda.webserver.WebServer_3.1-corda/corda-webserver-impl-3.1-corda.jar {}
[INFO ] 2020-03-17T22:51:26,886Z [main] Main.main - CommandLine Args: -Xmx200m -XX:+UseG1GC -agentlib:jdwp=transport=dt_socket,server=y,suspend=n,address=5006 -javaagent:drivers/jolokia-jvm-1.3.7-agent.jar=port=7006,logHandlerClass=net.corda.webserver.JolokiaSlf4Adapter -javaagent:C:\Users\amrithak\Desktop\r3corda_police_passport-apps-abhishek\build\nodes\DCRB\corda-webserver.jar -javaagent:C:\Users\amrithak\AppData\Local\capsule\apps\net.corda.webserver.WebServer_3.1-corda\quasar-core-0.7.9-jdk8.jar -Dcapsule.address=0.0.0.0 -Dvisualvm.display.name=Corda -Djava.library.path=C:\Program Files\Java\jre1.8.0_221\bin;C:\WINDOWS\Sun\Java\bin;C:\WINDOWS\system32;C:\WINDOWS;C:\Program Files (x86)\Common Files\Oracle\Java\javapath;C:\ProgramData\Oracle\Java\javapath;C:\WINDOWS\system32;C:\WINDOWS;C:\WINDOWS\System32\Wbem;C:\WINDOWS\System32\WindowsPowerShell\v1.0;C:\WINDOWS\System32\OpenSSH;C:\Program Files (x86)\Intel\Intel(R) Management Engine Components\DAL;C:\Program Files\Intel\Intel(R) Management Engine Components\DAL;C:\Program Files\Intel\WiFi\bin;C:\Program Files\Common Files\Intel\WirelessCommon;C:\Program Files\TortoiseSVN\bin;C:\Program Files\nodejs;C:\Users\amrithak\AppData\Local\Microsoft\WindowsApps;C:\Users\amrithak\AppData\Local\Programs\Microsoft VS Code\bin;C:\Users\amrithak\AppData\Local\Programs\Git\cmd;C:\Users\amrithak\AppData\Roaming\npm;C:\Users\amrithak\AppData\Local\capsule\apps\net.corda.webserver.WebServer_3.1-corda -Dcapsule.log=1 -Dcapsule.app=net.corda.webserver.WebServer_3.1-corda -Dcapsule.port=56891 -Dname=DCRB-corda-webserver.jar -Dcapsule.jvm.args=-agentlib:jdwp=transport=dt_socket,server=y,suspend=n,address=5006 -javaagent:drivers/jolokia-jvm-1.3.7-agent.jar=port=7006,logHandlerClass=net.corda.webserver.JolokiaSlf4Adapter -DWebserver -Dcapsule.dir=C:\Users\amrithak\AppData\Local\capsule\apps\net.corda.webserver.WebServer_3.1-corda -Dcapsule.jar=C:\Users\amrithak\Desktop\r3corda_police_passport-apps-abhishek\build\nodes\DCRB\corda-webserver.jar {}
[INFO ] 2020-03-17T22:51:27,674Z [main] Main.main - Application Args:  {}
[INFO ] 2020-03-17T22:51:27,675Z [main] Main.main - bootclasspath: C:\Program Files\Java\jre1.8.0_221\lib\resources.jar;C:\Program Files\Java\jre1.8.0_221\lib\rt.jar;C:\Program Files\Java\jre1.8.0_221\lib\sunrsasign.jar;C:\Program Files\Java\jre1.8.0_221\lib\jsse.jar;C:\Program Files\Java\jre1.8.0_221\lib\jce.jar;C:\Program Files\Java\jre1.8.0_221\lib\charsets.jar;C:\Program Files\Java\jre1.8.0_221\lib\jfr.jar;C:\Program Files\Java\jre1.8.0_221\classes {}
[INFO ] 2020-03-17T22:51:27,675Z [main] Main.main - classpath: C:\Users\amrithak\Desktop\r3corda_police_passport-apps-abhishek\build\nodes\DCRB\corda-webserver.jar;C:\Users\amrithak\AppData\Local\capsule\apps\net.corda.webserver.WebServer_3.1-corda\corda-rpc-3.1-corda.jar;C:\Users\amrithak\AppData\Local\capsule\apps\net.corda.webserver.WebServer_3.1-corda\corda-jackson-3.1-corda.jar;C:\Users\amrithak\AppData\Local\capsule\apps\net.corda.webserver.WebServer_3.1-corda\corda-node-api-3.1-corda.jar;C:\Users\amrithak\AppData\Local\capsule\apps\net.corda.webserver.WebServer_3.1-corda\corda-core-3.1-corda.jar;C:\Users\amrithak\AppData\Local\capsule\apps\net.corda.webserver.WebServer_3.1-corda\jetty-webapp-9.4.7.v20170914.jar;C:\Users\amrithak\AppData\Local\capsule\apps\net.corda.webserver.WebServer_3.1-corda\jetty-servlet-9.4.7.v20170914.jar;C:\Users\amrithak\AppData\Local\capsule\apps\net.corda.webserver.WebServer_3.1-corda\jersey-container-jetty-http-2.25.jar;C:\Users\amrithak\AppData\Local\capsule\apps\net.corda.webserver.WebServer_3.1-corda\jetty-security-9.4.7.v20170914.jar;C:\Users\amrithak\AppData\Local\capsule\apps\net.corda.webserver.WebServer_3.1-corda\jetty-server-9.4.7.v20170914.jar;C:\Users\amrithak\AppData\Local\capsule\apps\net.corda.webserver.WebServer_3.1-corda\javax.servlet-api-3.1.0.jar;C:\Users\amrithak\AppData\Local\capsule\apps\net.corda.webserver.WebServer_3.1-corda\commons-fileupload-1.3.3.jar;C:\Users\amrithak\AppData\Local\capsule\apps\net.corda.webserver.WebServer_3.1-corda\log4j-slf4j-impl-2.9.1.jar;C:\Users\amrithak\AppData\Local\capsule\apps\net.corda.webserver.WebServer_3.1-corda\log4j-core-2.9.1.jar;C:\Users\amrithak\AppData\Local\capsule\apps\net.corda.webserver.WebServer_3.1-corda\jopt-simple-5.0.2.jar;C:\Users\amrithak\AppData\Local\capsule\apps\net.corda.webserver.WebServer_3.1-corda\jetty-continuation-9.4.7.v20170914.jar;C:\Users\amrithak\AppData\Local\capsule\apps\net.corda.webserver.WebServer_3.1-corda\jersey-container-servlet-core-2.25.jar;C:\Users\amrithak\AppData\Local\capsule\apps\net.corda.webserver.WebServer_3.1-corda\jersey-server-2.25.jar;C:\Users\amrithak\AppData\Local\capsule\apps\net.corda.webserver.WebServer_3.1-corda\jersey-media-json-jackson-2.25.jar;C:\Users\amrithak\AppData\Local\capsule\apps\net.corda.webserver.WebServer_3.1-corda\kotlinx-html-jvm-0.6.3.jar;C:\Users\amrithak\AppData\Local\capsule\apps\net.corda.webserver.WebServer_3.1-corda\kotlin-stdlib-jre8-1.1.60.jar;C:\Users\amrithak\AppData\Local\capsule\apps\net.corda.webserver.WebServer_3.1-corda\jackson-module-kotlin-2.9.2.jar;C:\Users\amrithak\AppData\Local\capsule\apps\net.corda.webserver.WebServer_3.1-corda\kotlin-reflect-1.1.60.jar;C:\Users\amrithak\AppData\Local\capsule\apps\net.corda.webserver.WebServer_3.1-corda\cordform-common-3.1.0.jar;C:\Users\amrithak\AppData\Local\capsule\apps\net.corda.webserver.WebServer_3.1-corda\jsr305-3.0.2.jar;C:\Users\amrithak\AppData\Local\capsule\apps\net.corda.webserver.WebServer_3.1-corda\jcl-over-slf4j-1.7.25.jar;C:\Users\amrithak\AppData\Local\capsule\apps\net.corda.webserver.WebServer_3.1-corda\slf4j-api-1.7.25.jar;C:\Users\amrithak\AppData\Local\capsule\apps\net.corda.webserver.WebServer_3.1-corda\rxjava-1.2.4.jar;C:\Users\amrithak\AppData\Local\capsule\apps\net.corda.webserver.WebServer_3.1-corda\commons-jexl3-3.0.jar;C:\Users\amrithak\AppData\Local\capsule\apps\net.corda.webserver.WebServer_3.1-corda\jackson-datatype-jsr310-2.9.2.jar;C:\Users\amrithak\AppData\Local\capsule\apps\net.corda.webserver.WebServer_3.1-corda\jackson-jaxrs-json-provider-2.8.4.jar;C:\Users\amrithak\AppData\Local\capsule\apps\net.corda.webserver.WebServer_3.1-corda\jackson-jaxrs-base-2.8.4.jar;C:\Users\amrithak\AppData\Local\capsule\apps\net.corda.webserver.WebServer_3.1-corda\jackson-module-jaxb-annotations-2.8.4.jar;C:\Users\amrithak\AppData\Local\capsule\apps\net.corda.webserver.WebServer_3.1-corda\jackson-databind-2.9.2.jar;C:\Users\amrithak\AppData\Local\capsule\apps\net.corda.webserver.WebServer_3.1-corda\eddsa-0.2.0.jar;C:\Users\amrithak\AppData\Local\capsule\apps\net.corda.webserver.WebServer_3.1-corda\bcpkix-jdk15on-1.57.jar;C:\Users\amrithak\AppData\Local\capsule\apps\net.corda.webserver.WebServer_3.1-corda\bcprov-jdk15on-1.57.jar;C:\Users\amrithak\AppData\Local\capsule\apps\net.corda.webserver.WebServer_3.1-corda\hibernate-core-5.2.6.Final.jar;C:\Users\amrithak\AppData\Local\capsule\apps\net.corda.webserver.WebServer_3.1-corda\hibernate-jpa-2.1-api-1.0.0.Final.jar;C:\Users\amrithak\AppData\Local\capsule\apps\net.corda.webserver.WebServer_3.1-corda\quasar-core-0.7.9-jdk8.jar;C:\Users\amrithak\AppData\Local\capsule\apps\net.corda.webserver.WebServer_3.1-corda\jackson-dataformat-yaml-2.9.2.jar;C:\Users\amrithak\AppData\Local\capsule\apps\net.corda.webserver.WebServer_3.1-corda\artemis-core-client-2.2.0.jar;C:\Users\amrithak\AppData\Local\capsule\apps\net.corda.webserver.WebServer_3.1-corda\artemis-commons-2.2.0.jar;C:\Users\amrithak\AppData\Local\capsule\apps\net.corda.webserver.WebServer_3.1-corda\guava-21.0.jar;C:\Users\amrithak\AppData\Local\capsule\apps\net.corda.webserver.WebServer_3.1-corda\jetty-xml-9.4.7.v20170914.jar;C:\Users\amrithak\AppData\Local\capsule\apps\net.corda.webserver.WebServer_3.1-corda\jolokia-jsr160-1.3.7.jar;C:\Users\amrithak\AppData\Local\capsule\apps\net.corda.webserver.WebServer_3.1-corda\jolokia-core-1.3.7.jar;C:\Users\amrithak\AppData\Local\capsule\apps\net.corda.webserver.WebServer_3.1-corda\commons-io-2.2.jar;C:\Users\amrithak\AppData\Local\capsule\apps\net.corda.webserver.WebServer_3.1-corda\log4j-api-2.9.1.jar;C:\Users\amrithak\AppData\Local\capsule\apps\net.corda.webserver.WebServer_3.1-corda\jersey-client-2.25.jar;C:\Users\amrithak\AppData\Local\capsule\apps\net.corda.webserver.WebServer_3.1-corda\jersey-media-jaxb-2.25.jar;C:\Users\amrithak\AppData\Local\capsule\apps\net.corda.webserver.WebServer_3.1-corda\jersey-common-2.25.jar;C:\Users\amrithak\AppData\Local\capsule\apps\net.corda.webserver.WebServer_3.1-corda\jersey-entity-filtering-2.25.jar;C:\Users\amrithak\AppData\Local\capsule\apps\net.corda.webserver.WebServer_3.1-corda\javax.ws.rs-api-2.0.1.jar;C:\Users\amrithak\AppData\Local\capsule\apps\net.corda.webserver.WebServer_3.1-corda\javax.annotation-api-1.2.jar;C:\Users\amrithak\AppData\Local\capsule\apps\net.corda.webserver.WebServer_3.1-corda\hk2-locator-2.5.0-b30.jar;C:\Users\amrithak\AppData\Local\capsule\apps\net.corda.webserver.WebServer_3.1-corda\hk2-api-2.5.0-b30.jar;C:\Users\amrithak\AppData\Local\capsule\apps\net.corda.webserver.WebServer_3.1-corda\javax.inject-2.5.0-b30.jar;C:\Users\amrithak\AppData\Local\capsule\apps\net.corda.webserver.WebServer_3.1-corda\validation-api-1.1.0.Final.jar;C:\Users\amrithak\AppData\Local\capsule\apps\net.corda.webserver.WebServer_3.1-corda\jetty-http-9.4.7.v20170914.jar;C:\Users\amrithak\AppData\Local\capsule\apps\net.corda.webserver.WebServer_3.1-corda\jetty-io-9.4.7.v20170914.jar;C:\Users\amrithak\AppData\Local\capsule\apps\net.corda.webserver.WebServer_3.1-corda\jetty-util-9.4.7.v20170914.jar;C:\Users\amrithak\AppData\Local\capsule\apps\net.corda.webserver.WebServer_3.1-corda\jackson-annotations-2.9.0.jar;C:\Users\amrithak\AppData\Local\capsule\apps\net.corda.webserver.WebServer_3.1-corda\kotlin-stdlib-jre7-1.1.60.jar;C:\Users\amrithak\AppData\Local\capsule\apps\net.corda.webserver.WebServer_3.1-corda\kotlin-stdlib-1.1.60.jar;C:\Users\amrithak\AppData\Local\capsule\apps\net.corda.webserver.WebServer_3.1-corda\jackson-core-2.9.2.jar;C:\Users\amrithak\AppData\Local\capsule\apps\net.corda.webserver.WebServer_3.1-corda\hibernate-commons-annotations-5.0.1.Final.jar;C:\Users\amrithak\AppData\Local\capsule\apps\net.corda.webserver.WebServer_3.1-corda\jboss-logging-3.3.0.Final.jar;C:\Users\amrithak\AppData\Local\capsule\apps\net.corda.webserver.WebServer_3.1-corda\javassist-3.20.0-GA.jar;C:\Users\amrithak\AppData\Local\capsule\apps\net.corda.webserver.WebServer_3.1-corda\antlr-2.7.7.jar;C:\Users\amrithak\AppData\Local\capsule\apps\net.corda.webserver.WebServer_3.1-corda\geronimo-jta_1.1_spec-1.1.1.jar;C:\Users\amrithak\AppData\Local\capsule\apps\net.corda.webserver.WebServer_3.1-corda\jandex-2.0.3.Final.jar;C:\Users\amrithak\AppData\Local\capsule\apps\net.corda.webserver.WebServer_3.1-corda\classmate-1.3.0.jar;C:\Users\amrithak\AppData\Local\capsule\apps\net.corda.webserver.WebServer_3.1-corda\dom4j-1.6.1.jar;C:\Users\amrithak\AppData\Local\capsule\apps\net.corda.webserver.WebServer_3.1-corda\cdi-api-1.1.jar;C:\Users\amrithak\AppData\Local\capsule\apps\net.corda.webserver.WebServer_3.1-corda\commons-collections4-4.1.jar;C:\Users\amrithak\AppData\Local\capsule\apps\net.corda.webserver.WebServer_3.1-corda\commons-beanutils-1.9.3.jar;C:\Users\amrithak\AppData\Local\capsule\apps\net.corda.webserver.WebServer_3.1-corda\config-1.3.1.jar;C:\Users\amrithak\AppData\Local\capsule\apps\net.corda.webserver.WebServer_3.1-corda\kryo-serializers-0.41.jar;C:\Users\amrithak\AppData\Local\capsule\apps\net.corda.webserver.WebServer_3.1-corda\kryo-4.0.0.jar;C:\Users\amrithak\AppData\Local\capsule\apps\net.corda.webserver.WebServer_3.1-corda\proton-j-0.21.0.jar;C:\Users\amrithak\AppData\Local\capsule\apps\net.corda.webserver.WebServer_3.1-corda\fast-classpath-scanner-2.12.3.jar;C:\Users\amrithak\AppData\Local\capsule\apps\net.corda.webserver.WebServer_3.1-corda\snakeyaml-1.18.jar;C:\Users\amrithak\AppData\Local\capsule\apps\net.corda.webserver.WebServer_3.1-corda\json-simple-1.1.1.jar;C:\Users\amrithak\AppData\Local\capsule\apps\net.corda.webserver.WebServer_3.1-corda\jersey-guava-2.25.jar;C:\Users\amrithak\AppData\Local\capsule\apps\net.corda.webserver.WebServer_3.1-corda\osgi-resource-locator-1.0.1.jar;C:\Users\amrithak\AppData\Local\capsule\apps\net.corda.webserver.WebServer_3.1-corda\hk2-utils-2.5.0-b30.jar;C:\Users\amrithak\AppData\Local\capsule\apps\net.corda.webserver.WebServer_3.1-corda\aopalliance-repackaged-2.5.0-b30.jar;C:\Users\amrithak\AppData\Local\capsule\apps\net.corda.webserver.WebServer_3.1-corda\el-api-2.2.jar;C:\Users\amrithak\AppData\Local\capsule\apps\net.corda.webserver.WebServer_3.1-corda\jboss-interceptors-api_1.1_spec-1.0.0.Beta1.jar;C:\Users\amrithak\AppData\Local\capsule\apps\net.corda.webserver.WebServer_3.1-corda\jsr250-api-1.0.jar;C:\Users\amrithak\AppData\Local\capsule\apps\net.corda.webserver.WebServer_3.1-corda\javax.inject-1.jar;C:\Users\amrithak\AppData\Local\capsule\apps\net.corda.webserver.WebServer_3.1-corda\commons-collections-3.2.2.jar;C:\Users\amrithak\AppData\Local\capsule\apps\net.corda.webserver.WebServer_3.1-corda\jgroups-3.6.13.Final.jar;C:\Users\amrithak\AppData\Local\capsule\apps\net.corda.webserver.WebServer_3.1-corda\netty-all-4.1.9.Final.jar;C:\Users\amrithak\AppData\Local\capsule\apps\net.corda.webserver.WebServer_3.1-corda\geronimo-json_1.0_spec-1.0-alpha-1.jar;C:\Users\amrithak\AppData\Local\capsule\apps\net.corda.webserver.WebServer_3.1-corda\johnzon-core-0.9.5.jar;C:\Users\amrithak\AppData\Local\capsule\apps\net.corda.webserver.WebServer_3.1-corda\reflectasm-1.11.3.jar;C:\Users\amrithak\AppData\Local\capsule\apps\net.corda.webserver.WebServer_3.1-corda\minlog-1.3.0.jar;C:\Users\amrithak\AppData\Local\capsule\apps\net.corda.webserver.WebServer_3.1-corda\objenesis-2.2.jar;C:\Users\amrithak\AppData\Local\capsule\apps\net.corda.webserver.WebServer_3.1-corda\asm-5.0.4.jar;C:\Users\amrithak\AppData\Local\capsule\apps\net.corda.webserver.WebServer_3.1-corda\annotations-13.0.jar;C:\Users\amrithak\AppData\Local\capsule\apps\net.corda.webserver.WebServer_3.1-corda\corda-webserver-impl-3.1-corda.jar;C:\Users\amrithak\Desktop\r3corda_police_passport-apps-abhishek\build\nodes\DCRB\cordapps\cordapp-0.1.jar;C:\Users\amrithak\Desktop\r3corda_police_passport-apps-abhishek\build\nodes\DCRB\cordapps\cordapp-contracts-states-0.1.jar;C:\Users\amrithak\Desktop\r3corda_police_passport-apps-abhishek\build\nodes\DCRB\cordapps\r3corda_police_passport-apps-abhishek-0.1.jar;drivers/jolokia-jvm-1.3.7-agent.jar;C:\Users\amrithak\Desktop\r3corda_police_passport-apps-abhishek\build\nodes\DCRB\corda-webserver.jar;C:\Users\amrithak\AppData\Local\capsule\apps\net.corda.webserver.WebServer_3.1-corda\quasar-core-0.7.9-jdk8.jar {}
[INFO ] 2020-03-17T22:51:27,686Z [main] Main.main - VM Java HotSpot(TM) 64-Bit Server VM Oracle Corporation 25.221-b11 {}
[INFO ] 2020-03-17T22:51:27,689Z [main] Main.main - Machine: ULTS-LAP293 {}
[INFO ] 2020-03-17T22:51:27,690Z [main] Main.main - Working Directory: C:\Users\amrithak\Desktop\r3corda_police_passport-apps-abhishek\build\nodes\DCRB {}
[INFO ] 2020-03-17T22:51:32,246Z [main] Main.main - Starting as webserver on localhost:10010 {}
[INFO ] 2020-03-17T22:51:32,718Z [main] BasicInfo.logAndMaybePrint - Starting as webserver: localhost:10010 {}
[WARN ] 2020-03-17T22:51:33,729Z [main] internal.config.defaultToOldPath - Config key user has been deprecated and will be removed in a future release. Use username instead {}
[INFO ] 2020-03-17T22:51:33,789Z [main] internal.NodeWebServer.connectLocalRpcAsNodeUser - Connecting to node at localhost:10008 as User(user1, permissions=[ALL]) {}
[INFO ] 2020-03-17T22:52:03,880Z [main] internal.RPCClient.logElapsedTime - Startup took 16746 msec {}
[WARN ] 2020-03-17T22:52:04,967Z [main] internal.config.defaultToOldPath - Config key user has been deprecated and will be removed in a future release. Use username instead {}
[INFO ] 2020-03-17T22:52:04,971Z [main] internal.NodeWebServer.connectLocalRpcAsNodeUser - Connecting to node at localhost:10008 as User(user1, permissions=[ALL]) {}
[INFO ] 2020-03-17T22:52:08,453Z [main] internal.RPCClient.logElapsedTime - Startup took 3479 msec {}
[WARN ] 2020-03-17T22:52:09,456Z [main] internal.config.defaultToOldPath - Config key user has been deprecated and will be removed in a future release. Use username instead {}
[INFO ] 2020-03-17T22:52:09,460Z [main] internal.NodeWebServer.connectLocalRpcAsNodeUser - Connecting to node at localhost:10008 as User(user1, permissions=[ALL]) {}
[INFO ] 2020-03-17T22:52:12,550Z [main] internal.RPCClient.logElapsedTime - Startup took 3089 msec {}
[WARN ] 2020-03-17T22:52:13,553Z [main] internal.config.defaultToOldPath - Config key user has been deprecated and will be removed in a future release. Use username instead {}
[INFO ] 2020-03-17T22:52:13,558Z [main] internal.NodeWebServer.connectLocalRpcAsNodeUser - Connecting to node at localhost:10008 as User(user1, permissions=[ALL]) {}
[INFO ] 2020-03-17T22:52:16,319Z [main] internal.RPCClient.logElapsedTime - Startup took 2760 msec {}
[WARN ] 2020-03-17T22:52:17,321Z [main] internal.config.defaultToOldPath - Config key user has been deprecated and will be removed in a future release. Use username instead {}
[INFO ] 2020-03-17T22:52:17,322Z [main] internal.NodeWebServer.connectLocalRpcAsNodeUser - Connecting to node at localhost:10008 as User(user1, permissions=[ALL]) {}
[INFO ] 2020-03-17T22:52:19,667Z [main] internal.RPCClient.logElapsedTime - Startup took 2344 msec {}
[WARN ] 2020-03-17T22:52:20,671Z [main] internal.config.defaultToOldPath - Config key user has been deprecated and will be removed in a future release. Use username instead {}
[INFO ] 2020-03-17T22:52:20,672Z [main] internal.NodeWebServer.connectLocalRpcAsNodeUser - Connecting to node at localhost:10008 as User(user1, permissions=[ALL]) {}
[INFO ] 2020-03-17T22:52:23,381Z [main] internal.RPCClient.logElapsedTime - Startup took 2707 msec {}
[WARN ] 2020-03-17T22:52:24,382Z [main] internal.config.defaultToOldPath - Config key user has been deprecated and will be removed in a future release. Use username instead {}
[INFO ] 2020-03-17T22:52:24,383Z [main] internal.NodeWebServer.connectLocalRpcAsNodeUser - Connecting to node at localhost:10008 as User(user1, permissions=[ALL]) {}
[INFO ] 2020-03-17T22:52:27,042Z [main] internal.RPCClient.logElapsedTime - Startup took 2658 msec {}
[WARN ] 2020-03-17T22:52:28,046Z [main] internal.config.defaultToOldPath - Config key user has been deprecated and will be removed in a future release. Use username instead {}
[INFO ] 2020-03-17T22:52:28,049Z [main] internal.NodeWebServer.connectLocalRpcAsNodeUser - Connecting to node at localhost:10008 as User(user1, permissions=[ALL]) {}
[INFO ] 2020-03-17T22:52:30,337Z [main] internal.RPCClient.logElapsedTime - Startup took 2287 msec {}
[WARN ] 2020-03-17T22:52:31,601Z [main] internal.config.defaultToOldPath - Config key user has been deprecated and will be removed in a future release. Use username instead {}
[INFO ] 2020-03-17T22:52:31,602Z [main] internal.NodeWebServer.connectLocalRpcAsNodeUser - Connecting to node at localhost:10008 as User(user1, permissions=[ALL]) {}
[INFO ] 2020-03-17T22:52:34,269Z [main] internal.RPCClient.logElapsedTime - Startup took 2666 msec {}
[WARN ] 2020-03-17T22:52:35,422Z [main] internal.config.defaultToOldPath - Config key user has been deprecated and will be removed in a future release. Use username instead {}
[INFO ] 2020-03-17T22:52:35,424Z [main] internal.NodeWebServer.connectLocalRpcAsNodeUser - Connecting to node at localhost:10008 as User(user1, permissions=[ALL]) {}
[INFO ] 2020-03-17T22:52:37,901Z [main] internal.RPCClient.logElapsedTime - Startup took 2476 msec {}
[WARN ] 2020-03-17T22:52:38,948Z [main] internal.config.defaultToOldPath - Config key user has been deprecated and will be removed in a future release. Use username instead {}
[INFO ] 2020-03-17T22:52:38,951Z [main] internal.NodeWebServer.connectLocalRpcAsNodeUser - Connecting to node at localhost:10008 as User(user1, permissions=[ALL]) {}
[INFO ] 2020-03-17T22:52:41,269Z [main] internal.RPCClient.logElapsedTime - Startup took 2317 msec {}
[WARN ] 2020-03-17T22:52:42,277Z [main] internal.config.defaultToOldPath - Config key user has been deprecated and will be removed in a future release. Use username instead {}
[INFO ] 2020-03-17T22:52:42,280Z [main] internal.NodeWebServer.connectLocalRpcAsNodeUser - Connecting to node at localhost:10008 as User(user1, permissions=[ALL]) {}
[INFO ] 2020-03-17T22:52:44,980Z [main] internal.RPCClient.logElapsedTime - Startup took 2698 msec {}
[WARN ] 2020-03-17T22:52:45,984Z [main] internal.config.defaultToOldPath - Config key user has been deprecated and will be removed in a future release. Use username instead {}
[INFO ] 2020-03-17T22:52:45,985Z [main] internal.NodeWebServer.connectLocalRpcAsNodeUser - Connecting to node at localhost:10008 as User(user1, permissions=[ALL]) {}
[INFO ] 2020-03-17T22:52:48,841Z [main] internal.RPCClient.logElapsedTime - Startup took 2855 msec {}
[WARN ] 2020-03-17T22:52:49,873Z [main] internal.config.defaultToOldPath - Config key user has been deprecated and will be removed in a future release. Use username instead {}
[INFO ] 2020-03-17T22:52:49,878Z [main] internal.NodeWebServer.connectLocalRpcAsNodeUser - Connecting to node at localhost:10008 as User(user1, permissions=[ALL]) {}
[INFO ] 2020-03-17T22:52:52,278Z [main] internal.RPCClient.logElapsedTime - Startup took 2400 msec {}
[WARN ] 2020-03-17T22:52:53,385Z [main] internal.config.defaultToOldPath - Config key user has been deprecated and will be removed in a future release. Use username instead {}
[INFO ] 2020-03-17T22:52:53,387Z [main] internal.NodeWebServer.connectLocalRpcAsNodeUser - Connecting to node at localhost:10008 as User(user1, permissions=[ALL]) {}
[INFO ] 2020-03-17T22:52:55,868Z [main] internal.RPCClient.logElapsedTime - Startup took 2480 msec {}
[WARN ] 2020-03-17T22:52:56,872Z [main] internal.config.defaultToOldPath - Config key user has been deprecated and will be removed in a future release. Use username instead {}
[INFO ] 2020-03-17T22:52:56,874Z [main] internal.NodeWebServer.connectLocalRpcAsNodeUser - Connecting to node at localhost:10008 as User(user1, permissions=[ALL]) {}
[INFO ] 2020-03-17T22:52:59,061Z [main] internal.RPCClient.logElapsedTime - Startup took 2186 msec {}
[WARN ] 2020-03-17T22:53:00,211Z [main] internal.config.defaultToOldPath - Config key user has been deprecated and will be removed in a future release. Use username instead {}
[INFO ] 2020-03-17T22:53:00,213Z [main] internal.NodeWebServer.connectLocalRpcAsNodeUser - Connecting to node at localhost:10008 as User(user1, permissions=[ALL]) {}
[INFO ] 2020-03-17T22:53:02,934Z [main] internal.RPCClient.logElapsedTime - Startup took 2720 msec {}
[WARN ] 2020-03-17T22:53:03,937Z [main] internal.config.defaultToOldPath - Config key user has been deprecated and will be removed in a future release. Use username instead {}
[INFO ] 2020-03-17T22:53:03,938Z [main] internal.NodeWebServer.connectLocalRpcAsNodeUser - Connecting to node at localhost:10008 as User(user1, permissions=[ALL]) {}
[INFO ] 2020-03-17T22:53:06,450Z [main] internal.RPCClient.logElapsedTime - Startup took 2510 msec {}
[WARN ] 2020-03-17T22:53:07,452Z [main] internal.config.defaultToOldPath - Config key user has been deprecated and will be removed in a future release. Use username instead {}
[INFO ] 2020-03-17T22:53:07,454Z [main] internal.NodeWebServer.connectLocalRpcAsNodeUser - Connecting to node at localhost:10008 as User(user1, permissions=[ALL]) {}
[INFO ] 2020-03-17T22:53:09,860Z [main] internal.RPCClient.logElapsedTime - Startup took 2405 msec {}
[WARN ] 2020-03-17T22:53:10,863Z [main] internal.config.defaultToOldPath - Config key user has been deprecated and will be removed in a future release. Use username instead {}
[INFO ] 2020-03-17T22:53:10,871Z [main] internal.NodeWebServer.connectLocalRpcAsNodeUser - Connecting to node at localhost:10008 as User(user1, permissions=[ALL]) {}
[INFO ] 2020-03-17T22:53:13,259Z [main] internal.RPCClient.logElapsedTime - Startup took 2384 msec {}
[WARN ] 2020-03-17T22:53:14,434Z [main] internal.config.defaultToOldPath - Config key user has been deprecated and will be removed in a future release. Use username instead {}
[INFO ] 2020-03-17T22:53:14,436Z [main] internal.NodeWebServer.connectLocalRpcAsNodeUser - Connecting to node at localhost:10008 as User(user1, permissions=[ALL]) {}
[INFO ] 2020-03-17T22:53:29,782Z [main] internal.RPCClient.logElapsedTime - Startup took 15345 msec {}
[INFO ] 2020-03-17T22:53:29,949Z [main] util.log.initialized - Logging initialized @132721ms to org.eclipse.jetty.util.log.Slf4jLog {}
