[INFO ] 2020-03-17T22:51:56,020Z [main] webserver.CmdLineOptions.loadConfig - Config:
{
    # hardcoded value
    "baseDirectory" : "C:\\Users\\amrithak\\Desktop\\r3corda_police_passport-apps-abhishek\\build\\nodes\\FVO",
    # web-reference.conf @ jar:file:/C:/Users/amrithak/AppData/Local/capsule/apps/net.corda.webserver.WebServer_3.1-corda/corda-webserver-impl-3.1-corda.jar!/web-reference.conf: 2
    "keyStorePassword" : "cordacadevpass",
    # C:\Users\amrithak\Desktop\r3corda_police_passport-apps-abhishek\build\nodes\FVO\node.conf: 1
    "myLegalName" : "O=FVO,L=Kerala,C=IN",
    # C:\Users\amrithak\Desktop\r3corda_police_passport-apps-abhishek\build\nodes\FVO\node.conf: 2
    "p2pAddress" : "localhost:10011",
    # C:\Users\amrithak\Desktop\r3corda_police_passport-apps-abhishek\build\nodes\FVO\node.conf: 3
    "rpcSettings" : {
        # C:\Users\amrithak\Desktop\r3corda_police_passport-apps-abhishek\build\nodes\FVO\node.conf: 4
        "address" : "localhost:10012",
        # C:\Users\amrithak\Desktop\r3corda_police_passport-apps-abhishek\build\nodes\FVO\node.conf: 5
        "adminAddress" : "localhost:10013"
    },
    # C:\Users\amrithak\Desktop\r3corda_police_passport-apps-abhishek\build\nodes\FVO\node.conf: 7
    "rpcUsers" : [
        # C:\Users\amrithak\Desktop\r3corda_police_passport-apps-abhishek\build\nodes\FVO\node.conf: 8
        {
            # C:\Users\amrithak\Desktop\r3corda_police_passport-apps-abhishek\build\nodes\FVO\node.conf: 9
            "password" : "test",
            # C:\Users\amrithak\Desktop\r3corda_police_passport-apps-abhishek\build\nodes\FVO\node.conf: 10
            "permissions" : [
                # C:\Users\amrithak\Desktop\r3corda_police_passport-apps-abhishek\build\nodes\FVO\node.conf: 11
                "ALL"
            ],
            # C:\Users\amrithak\Desktop\r3corda_police_passport-apps-abhishek\build\nodes\FVO\node.conf: 13
            "user" : "user1"
        }
    ],
    # web-reference.conf @ jar:file:/C:/Users/amrithak/AppData/Local/capsule/apps/net.corda.webserver.WebServer_3.1-corda/corda-webserver-impl-3.1-corda.jar!/web-reference.conf: 3
    "trustStorePassword" : "trustpass",
    # web-reference.conf @ jar:file:/C:/Users/amrithak/AppData/Local/capsule/apps/net.corda.webserver.WebServer_3.1-corda/corda-webserver-impl-3.1-corda.jar!/web-reference.conf: 1
    "useHTTPS" : false,
    # C:\Users\amrithak\Desktop\r3corda_police_passport-apps-abhishek\build\nodes\FVO\node.conf: 16
    "webAddress" : "localhost:10014"
}
 {}
[INFO ] 2020-03-17T22:51:56,145Z [main] Main.main - Main class: /C:/Users/amrithak/AppData/Local/capsule/apps/net.corda.webserver.WebServer_3.1-corda/corda-webserver-impl-3.1-corda.jar {}
[INFO ] 2020-03-17T22:51:56,604Z [main] Main.main - CommandLine Args: -Xmx200m -XX:+UseG1GC -agentlib:jdwp=transport=dt_socket,server=y,suspend=n,address=5010 -javaagent:drivers/jolokia-jvm-1.3.7-agent.jar=port=7010,logHandlerClass=net.corda.webserver.JolokiaSlf4Adapter -javaagent:C:\Users\amrithak\AppData\Local\capsule\apps\net.corda.webserver.WebServer_3.1-corda\quasar-core-0.7.9-jdk8.jar -javaagent:C:\Users\amrithak\Desktop\r3corda_police_passport-apps-abhishek\build\nodes\FVO\corda-webserver.jar -Dcapsule.address=0.0.0.0 -Dvisualvm.display.name=Corda -Djava.library.path=C:\Program Files\Java\jre1.8.0_221\bin;C:\WINDOWS\Sun\Java\bin;C:\WINDOWS\system32;C:\WINDOWS;C:\Program Files (x86)\Common Files\Oracle\Java\javapath;C:\ProgramData\Oracle\Java\javapath;C:\WINDOWS\system32;C:\WINDOWS;C:\WINDOWS\System32\Wbem;C:\WINDOWS\System32\WindowsPowerShell\v1.0;C:\WINDOWS\System32\OpenSSH;C:\Program Files (x86)\Intel\Intel(R) Management Engine Components\DAL;C:\Program Files\Intel\Intel(R) Management Engine Components\DAL;C:\Program Files\Intel\WiFi\bin;C:\Program Files\Common Files\Intel\WirelessCommon;C:\Program Files\TortoiseSVN\bin;C:\Program Files\nodejs;C:\Users\amrithak\AppData\Local\Microsoft\WindowsApps;C:\Users\amrithak\AppData\Local\Programs\Microsoft VS Code\bin;C:\Users\amrithak\AppData\Local\Programs\Git\cmd;C:\Users\amrithak\AppData\Roaming\npm;C:\Users\amrithak\AppData\Local\capsule\apps\net.corda.webserver.WebServer_3.1-corda -Dcapsule.log=1 -Dcapsule.app=net.corda.webserver.WebServer_3.1-corda -Dcapsule.port=56899 -Dname=FVO-corda-webserver.jar -Dcapsule.jvm.args=-agentlib:jdwp=transport=dt_socket,server=y,suspend=n,address=5010 -javaagent:drivers/jolokia-jvm-1.3.7-agent.jar=port=7010,logHandlerClass=net.corda.webserver.JolokiaSlf4Adapter -DWebserver -Dcapsule.dir=C:\Users\amrithak\AppData\Local\capsule\apps\net.corda.webserver.WebServer_3.1-corda -Dcapsule.jar=C:\Users\amrithak\Desktop\r3corda_police_passport-apps-abhishek\build\nodes\FVO\corda-webserver.jar {}
[INFO ] 2020-03-17T22:51:57,362Z [main] Main.main - Application Args:  {}
[INFO ] 2020-03-17T22:51:57,363Z [main] Main.main - bootclasspath: C:\Program Files\Java\jre1.8.0_221\lib\resources.jar;C:\Program Files\Java\jre1.8.0_221\lib\rt.jar;C:\Program Files\Java\jre1.8.0_221\lib\sunrsasign.jar;C:\Program Files\Java\jre1.8.0_221\lib\jsse.jar;C:\Program Files\Java\jre1.8.0_221\lib\jce.jar;C:\Program Files\Java\jre1.8.0_221\lib\charsets.jar;C:\Program Files\Java\jre1.8.0_221\lib\jfr.jar;C:\Program Files\Java\jre1.8.0_221\classes {}
[INFO ] 2020-03-17T22:51:57,365Z [main] Main.main - classpath: C:\Users\amrithak\Desktop\r3corda_police_passport-apps-abhishek\build\nodes\FVO\corda-webserver.jar;C:\Users\amrithak\AppData\Local\capsule\apps\net.corda.webserver.WebServer_3.1-corda\corda-rpc-3.1-corda.jar;C:\Users\amrithak\AppData\Local\capsule\apps\net.corda.webserver.WebServer_3.1-corda\corda-jackson-3.1-corda.jar;C:\Users\amrithak\AppData\Local\capsule\apps\net.corda.webserver.WebServer_3.1-corda\corda-node-api-3.1-corda.jar;C:\Users\amrithak\AppData\Local\capsule\apps\net.corda.webserver.WebServer_3.1-corda\corda-core-3.1-corda.jar;C:\Users\amrithak\AppData\Local\capsule\apps\net.corda.webserver.WebServer_3.1-corda\jetty-webapp-9.4.7.v20170914.jar;C:\Users\amrithak\AppData\Local\capsule\apps\net.corda.webserver.WebServer_3.1-corda\jetty-servlet-9.4.7.v20170914.jar;C:\Users\amrithak\AppData\Local\capsule\apps\net.corda.webserver.WebServer_3.1-corda\jersey-container-jetty-http-2.25.jar;C:\Users\amrithak\AppData\Local\capsule\apps\net.corda.webserver.WebServer_3.1-corda\jetty-security-9.4.7.v20170914.jar;C:\Users\amrithak\AppData\Local\capsule\apps\net.corda.webserver.WebServer_3.1-corda\jetty-server-9.4.7.v20170914.jar;C:\Users\amrithak\AppData\Local\capsule\apps\net.corda.webserver.WebServer_3.1-corda\javax.servlet-api-3.1.0.jar;C:\Users\amrithak\AppData\Local\capsule\apps\net.corda.webserver.WebServer_3.1-corda\commons-fileupload-1.3.3.jar;C:\Users\amrithak\AppData\Local\capsule\apps\net.corda.webserver.WebServer_3.1-corda\log4j-slf4j-impl-2.9.1.jar;C:\Users\amrithak\AppData\Local\capsule\apps\net.corda.webserver.WebServer_3.1-corda\log4j-core-2.9.1.jar;C:\Users\amrithak\AppData\Local\capsule\apps\net.corda.webserver.WebServer_3.1-corda\jopt-simple-5.0.2.jar;C:\Users\amrithak\AppData\Local\capsule\apps\net.corda.webserver.WebServer_3.1-corda\jetty-continuation-9.4.7.v20170914.jar;C:\Users\amrithak\AppData\Local\capsule\apps\net.corda.webserver.WebServer_3.1-corda\jersey-container-servlet-core-2.25.jar;C:\Users\amrithak\AppData\Local\capsule\apps\net.corda.webserver.WebServer_3.1-corda\jersey-server-2.25.jar;C:\Users\amrithak\AppData\Local\capsule\apps\net.corda.webserver.WebServer_3.1-corda\jersey-media-json-jackson-2.25.jar;C:\Users\amrithak\AppData\Local\capsule\apps\net.corda.webserver.WebServer_3.1-corda\kotlinx-html-jvm-0.6.3.jar;C:\Users\amrithak\AppData\Local\capsule\apps\net.corda.webserver.WebServer_3.1-corda\kotlin-stdlib-jre8-1.1.60.jar;C:\Users\amrithak\AppData\Local\capsule\apps\net.corda.webserver.WebServer_3.1-corda\jackson-module-kotlin-2.9.2.jar;C:\Users\amrithak\AppData\Local\capsule\apps\net.corda.webserver.WebServer_3.1-corda\kotlin-reflect-1.1.60.jar;C:\Users\amrithak\AppData\Local\capsule\apps\net.corda.webserver.WebServer_3.1-corda\cordform-common-3.1.0.jar;C:\Users\amrithak\AppData\Local\capsule\apps\net.corda.webserver.WebServer_3.1-corda\jsr305-3.0.2.jar;C:\Users\amrithak\AppData\Local\capsule\apps\net.corda.webserver.WebServer_3.1-corda\jcl-over-slf4j-1.7.25.jar;C:\Users\amrithak\AppData\Local\capsule\apps\net.corda.webserver.WebServer_3.1-corda\slf4j-api-1.7.25.jar;C:\Users\amrithak\AppData\Local\capsule\apps\net.corda.webserver.WebServer_3.1-corda\rxjava-1.2.4.jar;C:\Users\amrithak\AppData\Local\capsule\apps\net.corda.webserver.WebServer_3.1-corda\commons-jexl3-3.0.jar;C:\Users\amrithak\AppData\Local\capsule\apps\net.corda.webserver.WebServer_3.1-corda\jackson-datatype-jsr310-2.9.2.jar;C:\Users\amrithak\AppData\Local\capsule\apps\net.corda.webserver.WebServer_3.1-corda\jackson-jaxrs-json-provider-2.8.4.jar;C:\Users\amrithak\AppData\Local\capsule\apps\net.corda.webserver.WebServer_3.1-corda\jackson-jaxrs-base-2.8.4.jar;C:\Users\amrithak\AppData\Local\capsule\apps\net.corda.webserver.WebServer_3.1-corda\jackson-module-jaxb-annotations-2.8.4.jar;C:\Users\amrithak\AppData\Local\capsule\apps\net.corda.webserver.WebServer_3.1-corda\jackson-databind-2.9.2.jar;C:\Users\amrithak\AppData\Local\capsule\apps\net.corda.webserver.WebServer_3.1-corda\eddsa-0.2.0.jar;C:\Users\amrithak\AppData\Local\capsule\apps\net.corda.webserver.WebServer_3.1-corda\bcpkix-jdk15on-1.57.jar;C:\Users\amrithak\AppData\Local\capsule\apps\net.corda.webserver.WebServer_3.1-corda\bcprov-jdk15on-1.57.jar;C:\Users\amrithak\AppData\Local\capsule\apps\net.corda.webserver.WebServer_3.1-corda\hibernate-core-5.2.6.Final.jar;C:\Users\amrithak\AppData\Local\capsule\apps\net.corda.webserver.WebServer_3.1-corda\hibernate-jpa-2.1-api-1.0.0.Final.jar;C:\Users\amrithak\AppData\Local\capsule\apps\net.corda.webserver.WebServer_3.1-corda\quasar-core-0.7.9-jdk8.jar;C:\Users\amrithak\AppData\Local\capsule\apps\net.corda.webserver.WebServer_3.1-corda\jackson-dataformat-yaml-2.9.2.jar;C:\Users\amrithak\AppData\Local\capsule\apps\net.corda.webserver.WebServer_3.1-corda\artemis-core-client-2.2.0.jar;C:\Users\amrithak\AppData\Local\capsule\apps\net.corda.webserver.WebServer_3.1-corda\artemis-commons-2.2.0.jar;C:\Users\amrithak\AppData\Local\capsule\apps\net.corda.webserver.WebServer_3.1-corda\guava-21.0.jar;C:\Users\amrithak\AppData\Local\capsule\apps\net.corda.webserver.WebServer_3.1-corda\jetty-xml-9.4.7.v20170914.jar;C:\Users\amrithak\AppData\Local\capsule\apps\net.corda.webserver.WebServer_3.1-corda\jolokia-jsr160-1.3.7.jar;C:\Users\amrithak\AppData\Local\capsule\apps\net.corda.webserver.WebServer_3.1-corda\jolokia-core-1.3.7.jar;C:\Users\amrithak\AppData\Local\capsule\apps\net.corda.webserver.WebServer_3.1-corda\commons-io-2.2.jar;C:\Users\amrithak\AppData\Local\capsule\apps\net.corda.webserver.WebServer_3.1-corda\log4j-api-2.9.1.jar;C:\Users\amrithak\AppData\Local\capsule\apps\net.corda.webserver.WebServer_3.1-corda\jersey-client-2.25.jar;C:\Users\amrithak\AppData\Local\capsule\apps\net.corda.webserver.WebServer_3.1-corda\jersey-media-jaxb-2.25.jar;C:\Users\amrithak\AppData\Local\capsule\apps\net.corda.webserver.WebServer_3.1-corda\jersey-common-2.25.jar;C:\Users\amrithak\AppData\Local\capsule\apps\net.corda.webserver.WebServer_3.1-corda\jersey-entity-filtering-2.25.jar;C:\Users\amrithak\AppData\Local\capsule\apps\net.corda.webserver.WebServer_3.1-corda\javax.ws.rs-api-2.0.1.jar;C:\Users\amrithak\AppData\Local\capsule\apps\net.corda.webserver.WebServer_3.1-corda\javax.annotation-api-1.2.jar;C:\Users\amrithak\AppData\Local\capsule\apps\net.corda.webserver.WebServer_3.1-corda\hk2-locator-2.5.0-b30.jar;C:\Users\amrithak\AppData\Local\capsule\apps\net.corda.webserver.WebServer_3.1-corda\hk2-api-2.5.0-b30.jar;C:\Users\amrithak\AppData\Local\capsule\apps\net.corda.webserver.WebServer_3.1-corda\javax.inject-2.5.0-b30.jar;C:\Users\amrithak\AppData\Local\capsule\apps\net.corda.webserver.WebServer_3.1-corda\validation-api-1.1.0.Final.jar;C:\Users\amrithak\AppData\Local\capsule\apps\net.corda.webserver.WebServer_3.1-corda\jetty-http-9.4.7.v20170914.jar;C:\Users\amrithak\AppData\Local\capsule\apps\net.corda.webserver.WebServer_3.1-corda\jetty-io-9.4.7.v20170914.jar;C:\Users\amrithak\AppData\Local\capsule\apps\net.corda.webserver.WebServer_3.1-corda\jetty-util-9.4.7.v20170914.jar;C:\Users\amrithak\AppData\Local\capsule\apps\net.corda.webserver.WebServer_3.1-corda\jackson-annotations-2.9.0.jar;C:\Users\amrithak\AppData\Local\capsule\apps\net.corda.webserver.WebServer_3.1-corda\kotlin-stdlib-jre7-1.1.60.jar;C:\Users\amrithak\AppData\Local\capsule\apps\net.corda.webserver.WebServer_3.1-corda\kotlin-stdlib-1.1.60.jar;C:\Users\amrithak\AppData\Local\capsule\apps\net.corda.webserver.WebServer_3.1-corda\jackson-core-2.9.2.jar;C:\Users\amrithak\AppData\Local\capsule\apps\net.corda.webserver.WebServer_3.1-corda\hibernate-commons-annotations-5.0.1.Final.jar;C:\Users\amrithak\AppData\Local\capsule\apps\net.corda.webserver.WebServer_3.1-corda\jboss-logging-3.3.0.Final.jar;C:\Users\amrithak\AppData\Local\capsule\apps\net.corda.webserver.WebServer_3.1-corda\javassist-3.20.0-GA.jar;C:\Users\amrithak\AppData\Local\capsule\apps\net.corda.webserver.WebServer_3.1-corda\antlr-2.7.7.jar;C:\Users\amrithak\AppData\Local\capsule\apps\net.corda.webserver.WebServer_3.1-corda\geronimo-jta_1.1_spec-1.1.1.jar;C:\Users\amrithak\AppData\Local\capsule\apps\net.corda.webserver.WebServer_3.1-corda\jandex-2.0.3.Final.jar;C:\Users\amrithak\AppData\Local\capsule\apps\net.corda.webserver.WebServer_3.1-corda\classmate-1.3.0.jar;C:\Users\amrithak\AppData\Local\capsule\apps\net.corda.webserver.WebServer_3.1-corda\dom4j-1.6.1.jar;C:\Users\amrithak\AppData\Local\capsule\apps\net.corda.webserver.WebServer_3.1-corda\cdi-api-1.1.jar;C:\Users\amrithak\AppData\Local\capsule\apps\net.corda.webserver.WebServer_3.1-corda\commons-collections4-4.1.jar;C:\Users\amrithak\AppData\Local\capsule\apps\net.corda.webserver.WebServer_3.1-corda\commons-beanutils-1.9.3.jar;C:\Users\amrithak\AppData\Local\capsule\apps\net.corda.webserver.WebServer_3.1-corda\config-1.3.1.jar;C:\Users\amrithak\AppData\Local\capsule\apps\net.corda.webserver.WebServer_3.1-corda\kryo-serializers-0.41.jar;C:\Users\amrithak\AppData\Local\capsule\apps\net.corda.webserver.WebServer_3.1-corda\kryo-4.0.0.jar;C:\Users\amrithak\AppData\Local\capsule\apps\net.corda.webserver.WebServer_3.1-corda\proton-j-0.21.0.jar;C:\Users\amrithak\AppData\Local\capsule\apps\net.corda.webserver.WebServer_3.1-corda\fast-classpath-scanner-2.12.3.jar;C:\Users\amrithak\AppData\Local\capsule\apps\net.corda.webserver.WebServer_3.1-corda\snakeyaml-1.18.jar;C:\Users\amrithak\AppData\Local\capsule\apps\net.corda.webserver.WebServer_3.1-corda\json-simple-1.1.1.jar;C:\Users\amrithak\AppData\Local\capsule\apps\net.corda.webserver.WebServer_3.1-corda\jersey-guava-2.25.jar;C:\Users\amrithak\AppData\Local\capsule\apps\net.corda.webserver.WebServer_3.1-corda\osgi-resource-locator-1.0.1.jar;C:\Users\amrithak\AppData\Local\capsule\apps\net.corda.webserver.WebServer_3.1-corda\hk2-utils-2.5.0-b30.jar;C:\Users\amrithak\AppData\Local\capsule\apps\net.corda.webserver.WebServer_3.1-corda\aopalliance-repackaged-2.5.0-b30.jar;C:\Users\amrithak\AppData\Local\capsule\apps\net.corda.webserver.WebServer_3.1-corda\el-api-2.2.jar;C:\Users\amrithak\AppData\Local\capsule\apps\net.corda.webserver.WebServer_3.1-corda\jboss-interceptors-api_1.1_spec-1.0.0.Beta1.jar;C:\Users\amrithak\AppData\Local\capsule\apps\net.corda.webserver.WebServer_3.1-corda\jsr250-api-1.0.jar;C:\Users\amrithak\AppData\Local\capsule\apps\net.corda.webserver.WebServer_3.1-corda\javax.inject-1.jar;C:\Users\amrithak\AppData\Local\capsule\apps\net.corda.webserver.WebServer_3.1-corda\commons-collections-3.2.2.jar;C:\Users\amrithak\AppData\Local\capsule\apps\net.corda.webserver.WebServer_3.1-corda\jgroups-3.6.13.Final.jar;C:\Users\amrithak\AppData\Local\capsule\apps\net.corda.webserver.WebServer_3.1-corda\netty-all-4.1.9.Final.jar;C:\Users\amrithak\AppData\Local\capsule\apps\net.corda.webserver.WebServer_3.1-corda\geronimo-json_1.0_spec-1.0-alpha-1.jar;C:\Users\amrithak\AppData\Local\capsule\apps\net.corda.webserver.WebServer_3.1-corda\johnzon-core-0.9.5.jar;C:\Users\amrithak\AppData\Local\capsule\apps\net.corda.webserver.WebServer_3.1-corda\reflectasm-1.11.3.jar;C:\Users\amrithak\AppData\Local\capsule\apps\net.corda.webserver.WebServer_3.1-corda\minlog-1.3.0.jar;C:\Users\amrithak\AppData\Local\capsule\apps\net.corda.webserver.WebServer_3.1-corda\objenesis-2.2.jar;C:\Users\amrithak\AppData\Local\capsule\apps\net.corda.webserver.WebServer_3.1-corda\asm-5.0.4.jar;C:\Users\amrithak\AppData\Local\capsule\apps\net.corda.webserver.WebServer_3.1-corda\annotations-13.0.jar;C:\Users\amrithak\AppData\Local\capsule\apps\net.corda.webserver.WebServer_3.1-corda\corda-webserver-impl-3.1-corda.jar;C:\Users\amrithak\Desktop\r3corda_police_passport-apps-abhishek\build\nodes\FVO\cordapps\cordapp-0.1.jar;C:\Users\amrithak\Desktop\r3corda_police_passport-apps-abhishek\build\nodes\FVO\cordapps\cordapp-contracts-states-0.1.jar;C:\Users\amrithak\Desktop\r3corda_police_passport-apps-abhishek\build\nodes\FVO\cordapps\r3corda_police_passport-apps-abhishek-0.1.jar;drivers/jolokia-jvm-1.3.7-agent.jar;C:\Users\amrithak\AppData\Local\capsule\apps\net.corda.webserver.WebServer_3.1-corda\quasar-core-0.7.9-jdk8.jar;C:\Users\amrithak\Desktop\r3corda_police_passport-apps-abhishek\build\nodes\FVO\corda-webserver.jar {}
[INFO ] 2020-03-17T22:51:57,371Z [main] Main.main - VM Java HotSpot(TM) 64-Bit Server VM Oracle Corporation 25.221-b11 {}
[INFO ] 2020-03-17T22:51:57,502Z [main] Main.main - Machine: ULTS-LAP293 {}
[INFO ] 2020-03-17T22:51:57,503Z [main] Main.main - Working Directory: C:\Users\amrithak\Desktop\r3corda_police_passport-apps-abhishek\build\nodes\FVO {}
[INFO ] 2020-03-17T22:52:05,682Z [main] Main.main - Starting as webserver on localhost:10014 {}
[INFO ] 2020-03-17T22:52:09,784Z [main] BasicInfo.logAndMaybePrint - Starting as webserver: localhost:10014 {}
[WARN ] 2020-03-17T22:52:11,554Z [main] internal.config.defaultToOldPath - Config key user has been deprecated and will be removed in a future release. Use username instead {}
[INFO ] 2020-03-17T22:52:11,582Z [main] internal.NodeWebServer.connectLocalRpcAsNodeUser - Connecting to node at localhost:10012 as User(user1, permissions=[ALL]) {}
[INFO ] 2020-03-17T22:52:49,514Z [main] internal.RPCClient.logElapsedTime - Startup took 25000 msec {}
[WARN ] 2020-03-17T22:52:50,669Z [main] internal.config.defaultToOldPath - Config key user has been deprecated and will be removed in a future release. Use username instead {}
[INFO ] 2020-03-17T22:52:50,670Z [main] internal.NodeWebServer.connectLocalRpcAsNodeUser - Connecting to node at localhost:10012 as User(user1, permissions=[ALL]) {}
[INFO ] 2020-03-17T22:52:53,223Z [main] internal.RPCClient.logElapsedTime - Startup took 2551 msec {}
[WARN ] 2020-03-17T22:52:54,355Z [main] internal.config.defaultToOldPath - Config key user has been deprecated and will be removed in a future release. Use username instead {}
[INFO ] 2020-03-17T22:52:54,361Z [main] internal.NodeWebServer.connectLocalRpcAsNodeUser - Connecting to node at localhost:10012 as User(user1, permissions=[ALL]) {}
[INFO ] 2020-03-17T22:52:56,650Z [main] internal.RPCClient.logElapsedTime - Startup took 2287 msec {}
[WARN ] 2020-03-17T22:52:57,651Z [main] internal.config.defaultToOldPath - Config key user has been deprecated and will be removed in a future release. Use username instead {}
[INFO ] 2020-03-17T22:52:57,652Z [main] internal.NodeWebServer.connectLocalRpcAsNodeUser - Connecting to node at localhost:10012 as User(user1, permissions=[ALL]) {}
[INFO ] 2020-03-17T22:53:00,154Z [main] internal.RPCClient.logElapsedTime - Startup took 2502 msec {}
[WARN ] 2020-03-17T22:53:01,361Z [main] internal.config.defaultToOldPath - Config key user has been deprecated and will be removed in a future release. Use username instead {}
[INFO ] 2020-03-17T22:53:01,369Z [main] internal.NodeWebServer.connectLocalRpcAsNodeUser - Connecting to node at localhost:10012 as User(user1, permissions=[ALL]) {}
[INFO ] 2020-03-17T22:53:04,886Z [main] internal.RPCClient.logElapsedTime - Startup took 3515 msec {}
[WARN ] 2020-03-17T22:53:05,890Z [main] internal.config.defaultToOldPath - Config key user has been deprecated and will be removed in a future release. Use username instead {}
[INFO ] 2020-03-17T22:53:05,892Z [main] internal.NodeWebServer.connectLocalRpcAsNodeUser - Connecting to node at localhost:10012 as User(user1, permissions=[ALL]) {}
[INFO ] 2020-03-17T22:53:08,461Z [main] internal.RPCClient.logElapsedTime - Startup took 2568 msec {}
[WARN ] 2020-03-17T22:53:09,462Z [main] internal.config.defaultToOldPath - Config key user has been deprecated and will be removed in a future release. Use username instead {}
[INFO ] 2020-03-17T22:53:09,463Z [main] internal.NodeWebServer.connectLocalRpcAsNodeUser - Connecting to node at localhost:10012 as User(user1, permissions=[ALL]) {}
[INFO ] 2020-03-17T22:53:11,764Z [main] internal.RPCClient.logElapsedTime - Startup took 2300 msec {}
[WARN ] 2020-03-17T22:53:12,770Z [main] internal.config.defaultToOldPath - Config key user has been deprecated and will be removed in a future release. Use username instead {}
[INFO ] 2020-03-17T22:53:12,770Z [main] internal.NodeWebServer.connectLocalRpcAsNodeUser - Connecting to node at localhost:10012 as User(user1, permissions=[ALL]) {}
[INFO ] 2020-03-17T22:53:16,751Z [main] internal.RPCClient.logElapsedTime - Startup took 3978 msec {}
[WARN ] 2020-03-17T22:53:17,755Z [main] internal.config.defaultToOldPath - Config key user has been deprecated and will be removed in a future release. Use username instead {}
[INFO ] 2020-03-17T22:53:17,756Z [main] internal.NodeWebServer.connectLocalRpcAsNodeUser - Connecting to node at localhost:10012 as User(user1, permissions=[ALL]) {}
[INFO ] 2020-03-17T22:53:20,172Z [main] internal.RPCClient.logElapsedTime - Startup took 2415 msec {}
[WARN ] 2020-03-17T22:53:21,176Z [main] internal.config.defaultToOldPath - Config key user has been deprecated and will be removed in a future release. Use username instead {}
[INFO ] 2020-03-17T22:53:21,178Z [main] internal.NodeWebServer.connectLocalRpcAsNodeUser - Connecting to node at localhost:10012 as User(user1, permissions=[ALL]) {}
[INFO ] 2020-03-17T22:53:23,645Z [main] internal.RPCClient.logElapsedTime - Startup took 2467 msec {}
[WARN ] 2020-03-17T22:53:24,676Z [main] internal.config.defaultToOldPath - Config key user has been deprecated and will be removed in a future release. Use username instead {}
[INFO ] 2020-03-17T22:53:24,677Z [main] internal.NodeWebServer.connectLocalRpcAsNodeUser - Connecting to node at localhost:10012 as User(user1, permissions=[ALL]) {}
[INFO ] 2020-03-17T22:53:39,366Z [main] internal.RPCClient.logElapsedTime - Startup took 14688 msec {}
[INFO ] 2020-03-17T22:53:39,416Z [main] util.log.initialized - Logging initialized @139379ms to org.eclipse.jetty.util.log.Slf4jLog {}
